c:\users\yezide\desktop\vaisseauasteroide\release\vaisseauasteroide.bsc
c:\users\yezide\desktop\vaisseauasteroide\vaisseauasteroide\release\vc120.pdb
c:\users\yezide\desktop\vaisseauasteroide\vaisseauasteroide\release\asteroide.sbr
c:\users\yezide\desktop\vaisseauasteroide\vaisseauasteroide\release\b.sbr
c:\users\yezide\desktop\vaisseauasteroide\vaisseauasteroide\release\c.sbr
c:\users\yezide\desktop\vaisseauasteroide\vaisseauasteroide\release\case.sbr
c:\users\yezide\desktop\vaisseauasteroide\vaisseauasteroide\release\collision.sbr
c:\users\yezide\desktop\vaisseauasteroide\vaisseauasteroide\release\dame.sbr
c:\users\yezide\desktop\vaisseauasteroide\vaisseauasteroide\release\dimensionwindow.sbr
c:\users\yezide\desktop\vaisseauasteroide\vaisseauasteroide\release\listasteroides.sbr
c:\users\yezide\desktop\vaisseauasteroide\vaisseauasteroide\release\listvaisseau.sbr
c:\users\yezide\desktop\vaisseauasteroide\vaisseauasteroide\release\main.sbr
c:\users\yezide\desktop\vaisseauasteroide\vaisseauasteroide\release\missile.sbr
c:\users\yezide\desktop\vaisseauasteroide\vaisseauasteroide\release\life.sbr
c:\users\yezide\desktop\vaisseauasteroide\vaisseauasteroide\release\mycontrolengine.sbr
c:\users\yezide\desktop\vaisseauasteroide\vaisseauasteroide\release\mygameengine.sbr
c:\users\yezide\desktop\vaisseauasteroide\vaisseauasteroide\release\mygraphicengine.sbr
c:\users\yezide\desktop\vaisseauasteroide\vaisseauasteroide\release\part.sbr
c:\users\yezide\desktop\vaisseauasteroide\vaisseauasteroide\release\player.sbr
c:\users\yezide\desktop\vaisseauasteroide\vaisseauasteroide\release\price.sbr
c:\users\yezide\desktop\vaisseauasteroide\vaisseauasteroide\release\score.sbr
c:\users\yezide\desktop\vaisseauasteroide\vaisseauasteroide\release\vaisseau.sbr
c:\users\yezide\desktop\vaisseauasteroide\vaisseauasteroide\release\vaisseau.obj
c:\users\yezide\desktop\vaisseauasteroide\vaisseauasteroide\release\score.obj
c:\users\yezide\desktop\vaisseauasteroide\vaisseauasteroide\release\price.obj
c:\users\yezide\desktop\vaisseauasteroide\vaisseauasteroide\release\player.obj
c:\users\yezide\desktop\vaisseauasteroide\vaisseauasteroide\release\part.obj
c:\users\yezide\desktop\vaisseauasteroide\vaisseauasteroide\release\mygraphicengine.obj
c:\users\yezide\desktop\vaisseauasteroide\vaisseauasteroide\release\mygameengine.obj
c:\users\yezide\desktop\vaisseauasteroide\vaisseauasteroide\release\mycontrolengine.obj
c:\users\yezide\desktop\vaisseauasteroide\vaisseauasteroide\release\life.obj
c:\users\yezide\desktop\vaisseauasteroide\vaisseauasteroide\release\missile.obj
c:\users\yezide\desktop\vaisseauasteroide\vaisseauasteroide\release\main.obj
c:\users\yezide\desktop\vaisseauasteroide\vaisseauasteroide\release\listvaisseau.obj
c:\users\yezide\desktop\vaisseauasteroide\vaisseauasteroide\release\listasteroides.obj
c:\users\yezide\desktop\vaisseauasteroide\vaisseauasteroide\release\dimensionwindow.obj
c:\users\yezide\desktop\vaisseauasteroide\vaisseauasteroide\release\dame.obj
c:\users\yezide\desktop\vaisseauasteroide\vaisseauasteroide\release\collision.obj
c:\users\yezide\desktop\vaisseauasteroide\vaisseauasteroide\release\case.obj
c:\users\yezide\desktop\vaisseauasteroide\vaisseauasteroide\release\c.obj
c:\users\yezide\desktop\vaisseauasteroide\vaisseauasteroide\release\b.obj
c:\users\yezide\desktop\vaisseauasteroide\vaisseauasteroide\release\asteroide.obj
c:\users\yezide\desktop\vaisseauasteroide\release\vaisseauasteroide.exe
c:\users\yezide\desktop\vaisseauasteroide\release\vaisseauasteroide.pdb
c:\users\yezide\desktop\vaisseauasteroide\vaisseauasteroide\release\vaisseau.24baad22.tlog\bscmake.command.1.tlog
c:\users\yezide\desktop\vaisseauasteroide\vaisseauasteroide\release\vaisseau.24baad22.tlog\bscmake.read.1.tlog
c:\users\yezide\desktop\vaisseauasteroide\vaisseauasteroide\release\vaisseau.24baad22.tlog\bscmake.write.1.tlog
c:\users\yezide\desktop\vaisseauasteroide\vaisseauasteroide\release\vaisseau.24baad22.tlog\cl.command.1.tlog
c:\users\yezide\desktop\vaisseauasteroide\vaisseauasteroide\release\vaisseau.24baad22.tlog\cl.read.1.tlog
c:\users\yezide\desktop\vaisseauasteroide\vaisseauasteroide\release\vaisseau.24baad22.tlog\cl.write.1.tlog
c:\users\yezide\desktop\vaisseauasteroide\vaisseauasteroide\release\vaisseau.24baad22.tlog\link.command.1.tlog
c:\users\yezide\desktop\vaisseauasteroide\vaisseauasteroide\release\vaisseau.24baad22.tlog\link.read.1.tlog
c:\users\yezide\desktop\vaisseauasteroide\vaisseauasteroide\release\vaisseau.24baad22.tlog\link.write.1.tlog
