La génération a démarré 31/10/2014 21:00:26.
     1>Projet "C:\Users\yezide\Desktop\VaisseauAsteroide\VaisseauAsteroide\VaisseauAsteroide.vcxproj" sur le nœud 2 (Build cible(s)).
     1>ClCompile:
         C:\Program Files\Microsoft Visual Studio 12.0\VC\bin\CL.exe /c /I..\include /Zi /nologo /W3 /WX- /sdl /O2 /Oi /Oy- /GL /D _MBCS /Gm- /EHsc /MD /GS /Gy /fp:precise /Zc:wchar_t /Zc:forScope /Fo"Release\\" /Fd"Release\vc120.pdb" /FR"Release\\" /Gd /TP /analyze- /errorReport:prompt Asteroide.cpp Collision.cpp Dame.cpp ListAsteroides.cpp main.cpp Missile.cpp MyControlEngine.cpp MyGameEngine.cpp MyGraphicEngine.cpp Part.cpp Player.cpp
         Asteroide.cpp
     1>c:\users\yezide\desktop\vaisseauasteroide\vaisseauasteroide\Missile.h(36): warning C4520: 'Missile' : plusieurs constructeurs par défaut spécifiés
     1>c:\users\yezide\desktop\vaisseauasteroide\vaisseauasteroide\Case.h(39): warning C4520: 'Case' : plusieurs constructeurs par défaut spécifiés
     1>c:\users\yezide\desktop\vaisseauasteroide\vaisseauasteroide\Asteroide.h(48): warning C4520: 'Asteroide' : plusieurs constructeurs par défaut spécifiés
     1>Asteroide.cpp(101): warning C4101: 'step' : variable locale non référencée
         Collision.cpp
     1>c:\users\yezide\desktop\vaisseauasteroide\vaisseauasteroide\Missile.h(36): warning C4520: 'Missile' : plusieurs constructeurs par défaut spécifiés
     1>c:\users\yezide\desktop\vaisseauasteroide\vaisseauasteroide\Case.h(39): warning C4520: 'Case' : plusieurs constructeurs par défaut spécifiés
     1>c:\users\yezide\desktop\vaisseauasteroide\vaisseauasteroide\Asteroide.h(48): warning C4520: 'Asteroide' : plusieurs constructeurs par défaut spécifiés
         Dame.cpp
     1>c:\users\yezide\desktop\vaisseauasteroide\vaisseauasteroide\Missile.h(36): warning C4520: 'Missile' : plusieurs constructeurs par défaut spécifiés
     1>c:\users\yezide\desktop\vaisseauasteroide\vaisseauasteroide\Case.h(39): warning C4520: 'Case' : plusieurs constructeurs par défaut spécifiés
     1>c:\users\yezide\desktop\vaisseauasteroide\vaisseauasteroide\Asteroide.h(48): warning C4520: 'Asteroide' : plusieurs constructeurs par défaut spécifiés
     1>c:\users\yezide\desktop\vaisseauasteroide\vaisseauasteroide\Dame.h(30): warning C4520: 'Dame' : plusieurs constructeurs par défaut spécifiés
     1>Dame.cpp(37): warning C4018: '<' : incompatibilité signed/unsigned
         ListAsteroides.cpp
     1>c:\users\yezide\desktop\vaisseauasteroide\vaisseauasteroide\Missile.h(36): warning C4520: 'Missile' : plusieurs constructeurs par défaut spécifiés
     1>c:\users\yezide\desktop\vaisseauasteroide\vaisseauasteroide\Case.h(39): warning C4520: 'Case' : plusieurs constructeurs par défaut spécifiés
     1>c:\users\yezide\desktop\vaisseauasteroide\vaisseauasteroide\Asteroide.h(48): warning C4520: 'Asteroide' : plusieurs constructeurs par défaut spécifiés
     1>c:\users\yezide\desktop\vaisseauasteroide\vaisseauasteroide\Dame.h(30): warning C4520: 'Dame' : plusieurs constructeurs par défaut spécifiés
     1>c:\users\yezide\desktop\vaisseauasteroide\vaisseauasteroide\MyGraphicEngine.h(28): warning C4273: 'CreateWindowExA' : liaison DLL incohérente
                 C:\Program Files\Windows Kits\8.1\Include\um\winuser.h(4237) : voir la définition précédente de 'CreateWindowExA'
         main.cpp
     1>c:\users\yezide\desktop\vaisseauasteroide\vaisseauasteroide\Missile.h(36): warning C4520: 'Missile' : plusieurs constructeurs par défaut spécifiés
     1>c:\users\yezide\desktop\vaisseauasteroide\vaisseauasteroide\Case.h(39): warning C4520: 'Case' : plusieurs constructeurs par défaut spécifiés
     1>c:\users\yezide\desktop\vaisseauasteroide\vaisseauasteroide\Asteroide.h(48): warning C4520: 'Asteroide' : plusieurs constructeurs par défaut spécifiés
     1>c:\users\yezide\desktop\vaisseauasteroide\vaisseauasteroide\Dame.h(30): warning C4520: 'Dame' : plusieurs constructeurs par défaut spécifiés
     1>c:\users\yezide\desktop\vaisseauasteroide\vaisseauasteroide\MyGraphicEngine.h(28): warning C4273: 'CreateWindowExA' : liaison DLL incohérente
                 C:\Program Files\Windows Kits\8.1\Include\um\winuser.h(4237) : voir la définition précédente de 'CreateWindowExA'
     1>main.cpp(39): warning C4018: '<' : incompatibilité signed/unsigned
         Missile.cpp
     1>c:\users\yezide\desktop\vaisseauasteroide\vaisseauasteroide\Missile.h(36): warning C4520: 'Missile' : plusieurs constructeurs par défaut spécifiés
     1>c:\users\yezide\desktop\vaisseauasteroide\vaisseauasteroide\Case.h(39): warning C4520: 'Case' : plusieurs constructeurs par défaut spécifiés
     1>c:\users\yezide\desktop\vaisseauasteroide\vaisseauasteroide\Asteroide.h(48): warning C4520: 'Asteroide' : plusieurs constructeurs par défaut spécifiés
         MyControlEngine.cpp
     1>c:\users\yezide\desktop\vaisseauasteroide\vaisseauasteroide\Missile.h(36): warning C4520: 'Missile' : plusieurs constructeurs par défaut spécifiés
     1>c:\users\yezide\desktop\vaisseauasteroide\vaisseauasteroide\Case.h(39): warning C4520: 'Case' : plusieurs constructeurs par défaut spécifiés
     1>c:\users\yezide\desktop\vaisseauasteroide\vaisseauasteroide\Asteroide.h(48): warning C4520: 'Asteroide' : plusieurs constructeurs par défaut spécifiés
     1>c:\users\yezide\desktop\vaisseauasteroide\vaisseauasteroide\Dame.h(30): warning C4520: 'Dame' : plusieurs constructeurs par défaut spécifiés
     1>c:\users\yezide\desktop\vaisseauasteroide\vaisseauasteroide\MyGraphicEngine.h(28): warning C4273: 'CreateWindowExA' : liaison DLL incohérente
                 C:\Program Files\Windows Kits\8.1\Include\um\winuser.h(4237) : voir la définition précédente de 'CreateWindowExA'
     1>c:\users\yezide\desktop\vaisseauasteroide\vaisseauasteroide\DimensionWindow.h(13): warning C4042: 'newWidth' : classe de stockage incorrecte
     1>c:\users\yezide\desktop\vaisseauasteroide\vaisseauasteroide\DimensionWindow.h(15): warning C4042: 'newHeight' : classe de stockage incorrecte
     1>MyControlEngine.cpp(47): warning C4018: '>=' : incompatibilité signed/unsigned
     1>MyControlEngine.cpp(135): warning C4018: '<' : incompatibilité signed/unsigned
         MyGameEngine.cpp
     1>c:\users\yezide\desktop\vaisseauasteroide\vaisseauasteroide\Missile.h(36): warning C4520: 'Missile' : plusieurs constructeurs par défaut spécifiés
     1>c:\users\yezide\desktop\vaisseauasteroide\vaisseauasteroide\Case.h(39): warning C4520: 'Case' : plusieurs constructeurs par défaut spécifiés
     1>c:\users\yezide\desktop\vaisseauasteroide\vaisseauasteroide\Asteroide.h(48): warning C4520: 'Asteroide' : plusieurs constructeurs par défaut spécifiés
     1>c:\users\yezide\desktop\vaisseauasteroide\vaisseauasteroide\Dame.h(30): warning C4520: 'Dame' : plusieurs constructeurs par défaut spécifiés
     1>MyGameEngine.cpp(50): warning C4018: '<' : incompatibilité signed/unsigned
     1>MyGameEngine.cpp(57): warning C4018: '<' : incompatibilité signed/unsigned
     1>MyGameEngine.cpp(80): warning C4018: '<' : incompatibilité signed/unsigned
         MyGraphicEngine.cpp
     1>c:\users\yezide\desktop\vaisseauasteroide\vaisseauasteroide\Missile.h(36): warning C4520: 'Missile' : plusieurs constructeurs par défaut spécifiés
     1>c:\users\yezide\desktop\vaisseauasteroide\vaisseauasteroide\Case.h(39): warning C4520: 'Case' : plusieurs constructeurs par défaut spécifiés
     1>c:\users\yezide\desktop\vaisseauasteroide\vaisseauasteroide\Asteroide.h(48): warning C4520: 'Asteroide' : plusieurs constructeurs par défaut spécifiés
     1>c:\users\yezide\desktop\vaisseauasteroide\vaisseauasteroide\Dame.h(30): warning C4520: 'Dame' : plusieurs constructeurs par défaut spécifiés
     1>c:\users\yezide\desktop\vaisseauasteroide\vaisseauasteroide\MyGraphicEngine.h(28): warning C4273: 'CreateWindowExA' : liaison DLL incohérente
                 C:\Program Files\Windows Kits\8.1\Include\um\winuser.h(4237) : voir la définition précédente de 'CreateWindowExA'
     1>c:\users\yezide\desktop\vaisseauasteroide\vaisseauasteroide\DimensionWindow.h(13): warning C4042: 'newWidth' : classe de stockage incorrecte
     1>c:\users\yezide\desktop\vaisseauasteroide\vaisseauasteroide\DimensionWindow.h(15): warning C4042: 'newHeight' : classe de stockage incorrecte
     1>MyGraphicEngine.cpp(74): warning C4018: '<' : incompatibilité signed/unsigned
     1>MyGraphicEngine.cpp(88): warning C4018: '<' : incompatibilité signed/unsigned
     1>MyGraphicEngine.cpp(90): warning C4018: '<' : incompatibilité signed/unsigned
     1>MyGraphicEngine.cpp(95): warning C4018: '<' : incompatibilité signed/unsigned
     1>MyGraphicEngine.cpp(132): warning C4018: '<' : incompatibilité signed/unsigned
         Part.cpp
         Player.cpp
     1>c:\users\yezide\desktop\vaisseauasteroide\vaisseauasteroide\Missile.h(36): warning C4520: 'Missile' : plusieurs constructeurs par défaut spécifiés
     1>c:\users\yezide\desktop\vaisseauasteroide\vaisseauasteroide\Case.h(39): warning C4520: 'Case' : plusieurs constructeurs par défaut spécifiés
     1>c:\users\yezide\desktop\vaisseauasteroide\vaisseauasteroide\Asteroide.h(48): warning C4520: 'Asteroide' : plusieurs constructeurs par défaut spécifiés
     1>c:\users\yezide\desktop\vaisseauasteroide\vaisseauasteroide\Dame.h(30): warning C4520: 'Dame' : plusieurs constructeurs par défaut spécifiés
     1>c:\users\yezide\desktop\vaisseauasteroide\vaisseauasteroide\MyGraphicEngine.h(28): warning C4273: 'CreateWindowExA' : liaison DLL incohérente
                 C:\Program Files\Windows Kits\8.1\Include\um\winuser.h(4237) : voir la définition précédente de 'CreateWindowExA'
       Link:
         C:\Program Files\Microsoft Visual Studio 12.0\VC\bin\link.exe /ERRORREPORT:PROMPT /OUT:"C:\Users\yezide\Desktop\VaisseauAsteroide\Release\VaisseauAsteroide.exe" /NOLOGO /LIBPATH:..\libWin engine.lib glut32.lib kernel32.lib user32.lib gdi32.lib winspool.lib comdlg32.lib advapi32.lib shell32.lib ole32.lib oleaut32.lib uuid.lib odbc32.lib odbccp32.lib /MANIFEST /MANIFESTUAC:"level='asInvoker' uiAccess='false'" /manifest:embed /DEBUG /PDB:"C:\Users\yezide\Desktop\VaisseauAsteroide\Release\VaisseauAsteroide.pdb" /OPT:REF /OPT:ICF /LTCG /TLBID:1 /DYNAMICBASE /NXCOMPAT /IMPLIB:"C:\Users\yezide\Desktop\VaisseauAsteroide\Release\VaisseauAsteroide.lib" /MACHINE:X86 /SAFESEH Release\Asteroide.obj
         Release\B.obj
         Release\C.obj
         Release\Case.obj
         Release\Collision.obj
         Release\Dame.obj
         Release\DimensionWindow.obj
         Release\ListAsteroides.obj
         Release\ListVaisseau.obj
         Release\main.obj
         Release\Missile.obj
         Release\Life.obj
         Release\MyControlEngine.obj
         Release\MyGameEngine.obj
         Release\MyGraphicEngine.obj
         Release\Part.obj
         Release\Player.obj
         Release\Vaisseau.obj
         Génération de code en cours
         Fin de la génération du code
     1>engine.lib(GraphicPrimitives.obj) : warning LNK4099: PDB 'vc120.pdb' n'a pu être trouvé avec 'engine.lib(GraphicPrimitives.obj)' ou sur 'C:\Users\yezide\Desktop\VaisseauAsteroide\Release\vc120.pdb' ; l'objet sera lié sans informations de débogage
     1>engine.lib(Engine.obj) : warning LNK4099: PDB 'vc120.pdb' n'a pu être trouvé avec 'engine.lib(Engine.obj)' ou sur 'C:\Users\yezide\Desktop\VaisseauAsteroide\Release\vc120.pdb' ; l'objet sera lié sans informations de débogage
     1>engine.lib(GameEngine.obj) : warning LNK4099: PDB 'vc120.pdb' n'a pu être trouvé avec 'engine.lib(GameEngine.obj)' ou sur 'C:\Users\yezide\Desktop\VaisseauAsteroide\Release\vc120.pdb' ; l'objet sera lié sans informations de débogage
     1>engine.lib(ControlEngine.obj) : warning LNK4099: PDB 'vc120.pdb' n'a pu être trouvé avec 'engine.lib(ControlEngine.obj)' ou sur 'C:\Users\yezide\Desktop\VaisseauAsteroide\Release\vc120.pdb' ; l'objet sera lié sans informations de débogage
     1>engine.lib(GraphicEngine.obj) : warning LNK4099: PDB 'vc120.pdb' n'a pu être trouvé avec 'engine.lib(GraphicEngine.obj)' ou sur 'C:\Users\yezide\Desktop\VaisseauAsteroide\Release\vc120.pdb' ; l'objet sera lié sans informations de débogage
         VaisseauAsteroide.vcxproj -> C:\Users\yezide\Desktop\VaisseauAsteroide\Release\VaisseauAsteroide.exe
       BscMake:
         C:\Program Files\Microsoft Visual Studio 12.0\VC\bin\bscmake.exe /nologo /o"C:\Users\yezide\Desktop\VaisseauAsteroide\Release\VaisseauAsteroide.bsc" /n Release\Asteroide.sbr Release\B.sbr Release\C.sbr Release\Case.sbr Release\Collision.sbr Release\Dame.sbr Release\DimensionWindow.sbr Release\ListAsteroides.sbr Release\ListVaisseau.sbr Release\main.sbr Release\Missile.sbr Release\Life.sbr Release\MyControlEngine.sbr Release\MyGameEngine.sbr Release\MyGraphicEngine.sbr Release\Part.sbr Release\Player.sbr Release\Vaisseau.sbr
     1>Génération du projet "C:\Users\yezide\Desktop\VaisseauAsteroide\VaisseauAsteroide\VaisseauAsteroide.vcxproj" terminée (Build cible(s)).

La génération a réussi.

Temps écoulé 00:00:59.93
