La génération a démarré 06/10/2014 21:14:39.
     1>Projet "C:\Users\yezide\Documents\Visual Studio 2013\Projects\VaisseauAsteroide\VaisseauAsteroide\VaisseauAsteroide.vcxproj" sur le nœud 2 (Build cible(s)).
     1>ClCompile:
         C:\Program Files\Microsoft Visual Studio 12.0\VC\bin\CL.exe /c /ZI /nologo /W3 /WX- /sdl /Od /Oy- /D _MBCS /Gm /EHsc /RTC1 /MDd /GS /fp:precise /Zc:wchar_t /Zc:forScope /Fo"Debug\\" /Fd"Debug\vc120.pdb" /Gd /TP /analyze- /errorReport:prompt Asteroide.cpp Dame.cpp main.cpp Missile.cpp MyControlEngine.cpp MyGameEngine.cpp MyGraphicEngine.cpp
         MyGraphicEngine.cpp
     1>c:\users\yezide\documents\visual studio 2013\projects\vaisseauasteroide\vaisseauasteroide\mygraphicengine.h(2): fatal error C1083: Impossible d'ouvrir le fichier include : 'Engine.h' : No such file or directory
         MyGameEngine.cpp
     1>c:\users\yezide\documents\visual studio 2013\projects\vaisseauasteroide\vaisseauasteroide\mygameengine.h(3): fatal error C1083: Impossible d'ouvrir le fichier include : 'Engine.h' : No such file or directory
         MyControlEngine.cpp
     1>c:\users\yezide\documents\visual studio 2013\projects\vaisseauasteroide\vaisseauasteroide\mycontrolengine.h(2): fatal error C1083: Impossible d'ouvrir le fichier include : 'Engine.h' : No such file or directory
         Missile.cpp
     1>c:\users\yezide\documents\visual studio 2013\projects\vaisseauasteroide\vaisseauasteroide\missile.h(2): fatal error C1083: Impossible d'ouvrir le fichier include : 'GraphicPrimitives.h' : No such file or directory
         main.cpp
     1>c:\users\yezide\documents\visual studio 2013\projects\vaisseauasteroide\vaisseauasteroide\main.cpp(2): fatal error C1083: Impossible d'ouvrir le fichier include : 'Engine.h' : No such file or directory
         Dame.cpp
     1>c:\users\yezide\documents\visual studio 2013\projects\vaisseauasteroide\vaisseauasteroide\dame.h(2): fatal error C1083: Impossible d'ouvrir le fichier include : 'GraphicPrimitives.h' : No such file or directory
         Asteroide.cpp
     1>c:\users\yezide\documents\visual studio 2013\projects\vaisseauasteroide\vaisseauasteroide\asteroide.h(2): fatal error C1083: Impossible d'ouvrir le fichier include : 'GraphicPrimitives.h' : No such file or directory
         Génération de code en cours...
     1>Génération du projet "C:\Users\yezide\Documents\Visual Studio 2013\Projects\VaisseauAsteroide\VaisseauAsteroide\VaisseauAsteroide.vcxproj" terminée (Build cible(s)) -- ÉCHEC.

ÉCHEC de la build.

Temps écoulé 00:00:02.46
